found fit_params_11MeVbvert.p

--------------_11MeVcpvert----------------
   m       m_std     b      b_std  correl_mb
8895.4     12.8   -212.9     9.4   -0.920 
8828.1     20.6   -151.7    10.8   -0.961 
8657.6     15.2   -154.8     9.9   -0.925 
8702.3     19.7   -185.4    12.3   -0.930 
8658.2     20.4   -177.5    14.1   -0.923 
8658.8     17.4   -161.8    10.0   -0.941 
8566.2     23.6   -125.9    16.2   -0.921 
8521.9     23.1   -153.6    13.1   -0.946 
8526.3     20.5   -157.9    12.2   -0.936 
8581.1     23.8   -152.9    14.2   -0.936 

--------------_4MeVbvert----------------
   m       m_std     b      b_std  correl_mb
25609.4     70.8   -497.5    38.9   -0.951 
25909.4     49.9   -549.7    29.3   -0.938 
25832.9     43.4   -566.6    26.0   -0.935 
25895.0     51.2   -552.7    31.8   -0.929 
25886.8     51.4   -511.4    29.4   -0.943 
25867.8     56.4   -513.2    32.5   -0.942 
25831.8     70.2   -498.3    37.1   -0.962 
25787.2     71.8   -506.3    36.8   -0.970 
26043.3     72.8   -637.1    40.6   -0.950 
26043.3     72.8   -637.1    40.6   -0.950 
25831.3     63.6   -496.7    33.9   -0.959 
25881.8     28.9   -564.2    22.5   -0.927 

--------------_4MeVcpvert----------------
   m       m_std     b      b_std  correl_mb
26573.2     59.0   -657.5    35.6   -0.934 
26496.5     49.0   -515.4    33.8   -0.924 
26626.8     46.4   -524.6    28.0   -0.934 
26570.1     39.6   -514.3    24.8   -0.929 
26773.6     61.9   -675.5    33.8   -0.952 
26679.4     53.5   -493.8    31.6   -0.936 
26781.1     52.0   -633.3    33.6   -0.927 
26542.1     64.9   -555.3    35.0   -0.954 
26062.0     68.2   -233.9    36.3   -0.960 
26829.0     29.4   -541.9    23.6   -0.930 


Results:

sigma_avg  std_of_476_adc  max_min_%_diff  std_rel_diff
 4.252        34.314          3.22%         0.87%
 11.241       32.109          1.01%         0.27%
 4.837        44.598          3.77%         1.13%
 11.940       66.447          1.96%         0.55%

Temperature data:
 Avg (C)    Max (C)   Min (C)   Std
 20.83       24.7     20.5     0.27       all temps
 20.82       22.8     20.5     0.19       run temps
