
calibration for bvert crystal (1) with 4 mev beam
4 MeV beam:
   m        m_std      b       b_std
-------------------------------------
25609.41    70.82  -497.49    38.93
25909.43    49.88  -549.69    29.34
25832.89    43.37  -566.57    25.96
25895.03    51.22  -552.72    31.81
25886.82    51.36  -511.35    29.36
25867.84    56.39  -513.25    32.51
25831.81    70.22  -498.30    37.06
25787.24    71.77  -506.34    36.82
26043.28    72.79  -637.12    40.62
26043.28    72.79  -637.12    40.62
25831.34    63.62  -496.69    33.88
25881.82    28.86  -564.20    22.51

Mean calibration values:
   m        m_std      b       b_std     correl_mb
---------------------------------------------------
25868.35   108.67  -544.24    48.55    -0.95

  Ep    lo (MeVee)  sigma_lo (MeVee)    rel
---------------------------------------------
 4.26     1.534        0.00471         0.307% 
 3.62     1.218        0.00340         0.279% 
 2.83     0.841        0.00186         0.221% 
 1.99     0.512        0.00071         0.139% 
 1.21     0.253        0.00094         0.370% 
 0.56     0.098        0.00149         1.524% 

calibration for cpvert crystal (2) with 4 mev beam
4 MeV beam:
   m        m_std      b       b_std
-------------------------------------
26573.76    58.99  -658.34    35.57
26496.44    49.01  -515.39    33.78
26626.82    46.44  -524.64    27.98
26570.09    39.65  -514.30    24.77
26773.70    61.89  -675.49    33.77
26679.36    53.52  -493.78    31.61
26781.05    52.05  -633.26    33.63
26542.12    64.87  -555.33    35.02
26061.99    68.19  -233.93    36.30
26829.05    29.41  -541.95    23.61

Mean calibration values:
   m        m_std      b       b_std     correl_mb
---------------------------------------------------
26593.44   206.67  -534.64   117.61    -0.94

  Ep    lo (MeVee)  sigma_lo (MeVee)    rel
---------------------------------------------
 4.26     1.534        0.00792         0.516% 
 3.62     1.218        0.00553         0.454% 
 2.83     0.841        0.00284         0.337% 
 1.99     0.512        0.00154         0.301% 
 1.21     0.253        0.00267         1.054% 
 0.56     0.098        0.00372         3.794% 

calibration for bvert crsytal (1) with 11 mev beam

11 MeV beam:
   m        m_std      b       b_std
-------------------------------------
8892.46     16.93  -194.04    12.79
8848.17     10.17  -178.57     8.49
8868.60     12.79  -190.04    10.44
8892.46     16.93  -194.04    12.79
8848.17     10.17  -178.57     8.49
8868.60     12.79  -190.04    10.44
8892.46     16.93  -194.04    12.79
8848.17     10.17  -178.57     8.49
8868.60     12.79  -190.04    10.44
8892.46     16.93  -194.04    12.79
8848.17     10.17  -178.57     8.49
8868.60     12.79  -190.04    10.44

Mean calibration values:
   m        m_std      b       b_std     correl_mb
---------------------------------------------------
8869.74     18.10  -187.55     6.56    -0.93

  Ep    lo (MeVee)  sigma_lo (MeVee)    rel
---------------------------------------------
10.00     5.072        0.00967         0.191% 
 8.49     4.072        0.00763         0.187% 
 6.65     2.893        0.00522         0.181% 
 4.68     1.773        0.00294         0.166% 
 2.83     0.874        0.00113         0.129% 
 1.32     0.293        0.00029         0.098% 

calibration for cpvert cyrstal (2) with 11 mev beam

11 MeV beam:
   m        m_std      b       b_std
-------------------------------------
8806.04     16.98  -170.85    12.13
8842.40     11.63  -173.42     8.70
8894.85     13.03  -212.23     9.54
8806.04     16.98  -170.85    12.13
8842.40     11.63  -173.42     8.70
8894.85     13.03  -212.23     9.54
8806.04     16.98  -170.85    12.13
8842.40     11.63  -173.42     8.70
8894.85     13.03  -212.23     9.54
8806.04     16.98  -170.85    12.13
8842.40     11.63  -173.42     8.70
8894.85     13.03  -212.23     9.54
8806.04     16.98  -170.85    12.13
8842.40     11.63  -173.42     8.70
8894.85     13.03  -212.23     9.54

Mean calibration values:
   m        m_std      b       b_std     correl_mb
---------------------------------------------------
8847.77     36.45  -185.50    18.93    -0.92

  Ep    lo (MeVee)  sigma_lo (MeVee)    rel
---------------------------------------------
10.00     5.072        0.01894         0.373% 
 8.49     4.072        0.01483         0.364% 
 6.65     2.893        0.00998         0.345% 
 4.68     1.773        0.00540         0.304% 
 2.83     0.874        0.00183         0.209% 
 1.32     0.293        0.00113         0.385% 
