
--------------_11MeVbvert----------------
   m       m_std     b      b_std  correl_mb
8874.2     12.5   -194.6    10.2   -0.930 
8664.2     17.2   -166.2    10.3   -0.935 
8563.3     30.2   -130.6    17.0   -0.946 
8510.8     27.0    -68.3    17.2   -0.927 
8593.8     16.9   -147.2    12.0   -0.924 
8596.5     21.7   -163.0    13.2   -0.933 
8543.8     22.2   -139.0    12.6   -0.944 
8427.1     32.4   -103.0    18.2   -0.947 
8524.8     23.2   -128.4    13.8   -0.937 
8540.9     22.2   -132.2    15.1   -0.925 
8534.5     21.3   -158.9    12.8   -0.935 

--------------_11MeVcpvert----------------
   m       m_std     b      b_std  correl_mb
8899.3     12.8   -213.9     9.3   -0.920 
8831.9     21.0   -153.6    11.0   -0.962 
8664.7     15.3   -157.4     9.9   -0.926 
8704.0     20.4   -185.8    12.8   -0.930 
8657.4     21.5   -175.6    14.9   -0.924 
8661.5     17.7   -162.1    10.2   -0.941 
8573.1     23.9   -127.7    16.4   -0.922 
8521.6     24.0   -153.1    13.7   -0.944 
8525.3     21.9   -156.6    13.0   -0.937 
8578.6     24.5   -151.5    14.8   -0.935 

--------------_4MeVbvert----------------
   m       m_std     b      b_std  correl_mb
25625.3     73.8   -500.4    41.6   -0.947 
25907.0     49.6   -530.0    30.3   -0.933 
25827.4     41.5   -546.4    25.6   -0.932 
25881.9     49.1   -524.2    31.3   -0.928 
25890.3     51.4   -499.7    30.1   -0.939 
25896.9     57.2   -525.6    33.7   -0.939 
25842.8     70.2   -492.1    37.8   -0.958 
25782.5     65.8   -486.5    34.3   -0.966 
26056.4     74.8   -637.5    41.8   -0.949 
26056.4     74.8   -637.5    41.8   -0.949 
25836.0     61.9   -486.0    33.3   -0.957 
25951.7     27.1   -586.3    21.3   -0.925 

--------------_4MeVcpvert----------------
   m       m_std     b      b_std  correl_mb
26597.3     58.9   -667.5    35.6   -0.933 
26519.8     49.5   -525.6    34.4   -0.924 
26658.2     47.5   -539.0    28.5   -0.935 
26598.1     39.9   -526.5    25.0   -0.929 
26799.3     62.7   -685.9    34.1   -0.953 
26695.2     55.0   -498.8    32.2   -0.937 
26804.9     52.7   -642.8    34.2   -0.926 
26569.0     65.5   -567.4    35.3   -0.954 
26089.4     68.0   -246.2    36.3   -0.959 
26839.9     27.2   -544.9    22.4   -0.931 


Results:

sigma_avg  std_of_476_adc  max_min_%_diff
101.505      531.156         4.98%         1.22%
264.796      527.425         1.57%         0.40%
 91.908      589.281         4.22%         1.34%
239.182      947.401         2.62%         0.70%

Temperature data:
 Avg (C)    Max (C)   Min (C)   Std
 20.83       24.7     20.5     0.27       all temps
 20.82       22.8     20.5     0.19       run temps
